<?xml version="1.0" encoding="UTF-8"?>
<robot generator="Robot 3.1.2 (Python 3.8.0a1 on win32)" generated="20191204 14:31:16.671" rpa="false">
<suite id="s1" name="Logout" source="D:\LMS\tests\Logout.robot">
<test id="s1-t1" name="Scenario: User can Logout">
<kw name="Given Navigate to LMS" library="keywords">
<kw name="Open Browser" library="Selenium2Library">
<doc>Opens a new browser instance to the optional ``url``.</doc>
<arguments>
<arg>${SERVER}</arg>
<arg>${BROWSER}</arg>
</arguments>
<msg timestamp="20191204 14:31:16.908" level="INFO">Opening browser 'chrome' to base url 'http://192.168.1.210:3000/'.</msg>
<status status="PASS" starttime="20191204 14:31:16.908" endtime="20191204 14:31:23.230"></status>
</kw>
<kw name="Maximize Browser Window" library="Selenium2Library">
<doc>Maximizes current browser window.</doc>
<status status="PASS" starttime="20191204 14:31:23.231" endtime="20191204 14:31:27.345"></status>
</kw>
<kw name="Wait Until Page Contains Element" library="Selenium2Library">
<doc>Waits until the element ``locator`` appears on the current page.</doc>
<arguments>
<arg>${Username}</arg>
</arguments>
<status status="PASS" starttime="20191204 14:31:27.345" endtime="20191204 14:31:27.359"></status>
</kw>
<status status="PASS" starttime="20191204 14:31:16.908" endtime="20191204 14:31:27.359"></status>
</kw>
<kw name="and Login to LMS" library="keywords">
<kw name="Input Text" library="Selenium2Library">
<doc>Types the given ``text`` into the text field identified by ``locator``.</doc>
<arguments>
<arg>${Username}</arg>
<arg>iamsaqib@gmail.com</arg>
</arguments>
<msg timestamp="20191204 14:31:27.360" level="INFO">Typing text 'iamsaqib@gmail.com' into text field 'css=input[placeholder='Username']'.</msg>
<status status="PASS" starttime="20191204 14:31:27.360" endtime="20191204 14:31:27.546"></status>
</kw>
<kw name="Input Text" library="Selenium2Library">
<doc>Types the given ``text`` into the text field identified by ``locator``.</doc>
<arguments>
<arg>${Password}</arg>
<arg>1212</arg>
</arguments>
<msg timestamp="20191204 14:31:27.547" level="INFO">Typing text '1212' into text field 'css=input[placeholder='Password']'.</msg>
<status status="PASS" starttime="20191204 14:31:27.547" endtime="20191204 14:31:27.628"></status>
</kw>
<kw name="Click Element" library="Selenium2Library">
<doc>Click the element identified by ``locator``.</doc>
<arguments>
<arg>${Login_Button}</arg>
</arguments>
<msg timestamp="20191204 14:31:27.629" level="INFO">Clicking element 'css=.btn-login'.</msg>
<status status="PASS" starttime="20191204 14:31:27.629" endtime="20191204 14:31:27.704"></status>
</kw>
<kw name="Wait Until Page Contains Element" library="Selenium2Library">
<doc>Waits until the element ``locator`` appears on the current page.</doc>
<arguments>
<arg>${Accept_Button}</arg>
</arguments>
<status status="PASS" starttime="20191204 14:31:27.704" endtime="20191204 14:31:27.970"></status>
</kw>
<kw name="Click Element" library="Selenium2Library">
<doc>Click the element identified by ``locator``.</doc>
<arguments>
<arg>${Accept_Button}</arg>
</arguments>
<msg timestamp="20191204 14:31:27.970" level="INFO">Clicking element 'css=.modal-footer .bg-theme'.</msg>
<status status="PASS" starttime="20191204 14:31:27.970" endtime="20191204 14:31:28.322"></status>
</kw>
<status status="PASS" starttime="20191204 14:31:27.359" endtime="20191204 14:31:28.322"></status>
</kw>
<kw name="When I logout">
<kw name="Wait Until Page Contains Element" library="Selenium2Library">
<doc>Waits until the element ``locator`` appears on the current page.</doc>
<arguments>
<arg>${Top_Nav}</arg>
</arguments>
<status status="PASS" starttime="20191204 14:31:28.323" endtime="20191204 14:31:28.336"></status>
</kw>
<kw name="Wait Until Element Is Visible" library="Selenium2Library">
<doc>Waits until the element ``locator`` is visible.</doc>
<arguments>
<arg>${Top_Nav}</arg>
</arguments>
<status status="PASS" starttime="20191204 14:31:28.336" endtime="20191204 14:31:28.356"></status>
</kw>
<kw name="Wait Until Element Is Enabled" library="Selenium2Library">
<doc>Waits until the element ``locator`` is enabled.</doc>
<arguments>
<arg>${Top_Nav}</arg>
</arguments>
<status status="PASS" starttime="20191204 14:31:28.356" endtime="20191204 14:31:28.378"></status>
</kw>
<kw name="Sleep" library="BuiltIn">
<doc>Pauses the test executed for the given time.</doc>
<arguments>
<arg>0.5s</arg>
</arguments>
<msg timestamp="20191204 14:31:28.886" level="INFO">Slept 500 milliseconds</msg>
<status status="PASS" starttime="20191204 14:31:28.378" endtime="20191204 14:31:28.886"></status>
</kw>
<kw name="Click Element" library="Selenium2Library">
<doc>Click the element identified by ``locator``.</doc>
<arguments>
<arg>${Top_Nav}</arg>
</arguments>
<msg timestamp="20191204 14:31:28.886" level="INFO">Clicking element 'css=.dropdown-user .navbar-nav-link'.</msg>
<status status="PASS" starttime="20191204 14:31:28.886" endtime="20191204 14:31:28.950"></status>
</kw>
<kw name="Sleep" library="BuiltIn">
<doc>Pauses the test executed for the given time.</doc>
<arguments>
<arg>0.5s</arg>
</arguments>
<msg timestamp="20191204 14:31:29.450" level="INFO">Slept 500 milliseconds</msg>
<status status="PASS" starttime="20191204 14:31:28.950" endtime="20191204 14:31:29.450"></status>
</kw>
<kw name="Wait Until Element Is Visible" library="Selenium2Library">
<doc>Waits until the element ``locator`` is visible.</doc>
<arguments>
<arg>${Logout_Button}</arg>
</arguments>
<status status="PASS" starttime="20191204 14:31:29.450" endtime="20191204 14:31:29.476"></status>
</kw>
<kw name="Wait Until Element Is Enabled" library="Selenium2Library">
<doc>Waits until the element ``locator`` is enabled.</doc>
<arguments>
<arg>${Logout_Button}</arg>
</arguments>
<status status="PASS" starttime="20191204 14:31:29.476" endtime="20191204 14:31:29.501"></status>
</kw>
<kw name="Click Element" library="Selenium2Library">
<doc>Click the element identified by ``locator``.</doc>
<arguments>
<arg>${Logout_Button}</arg>
</arguments>
<msg timestamp="20191204 14:31:29.501" level="INFO">Clicking element 'css=.dropdown-item .icon-switch2'.</msg>
<status status="PASS" starttime="20191204 14:31:29.501" endtime="20191204 14:31:29.571"></status>
</kw>
<status status="PASS" starttime="20191204 14:31:28.322" endtime="20191204 14:31:29.572"></status>
</kw>
<kw name="Then I should be logged out">
<kw name="Wait Until Page Contains" library="Selenium2Library">
<doc>Waits until ``text`` appears on the current page.</doc>
<arguments>
<arg>Login to your account</arg>
</arguments>
<status status="PASS" starttime="20191204 14:31:29.573" endtime="20191204 14:31:29.587"></status>
</kw>
<kw name="Page Should Contain" library="Selenium2Library">
<doc>Verifies that current page contains ``text``.</doc>
<arguments>
<arg>Login to your account</arg>
</arguments>
<msg timestamp="20191204 14:31:29.600" level="INFO">Current page contains text 'Login to your account'.</msg>
<status status="PASS" starttime="20191204 14:31:29.587" endtime="20191204 14:31:29.600"></status>
</kw>
<kw name="Wait Until Page Contains Element" library="Selenium2Library">
<doc>Waits until the element ``locator`` appears on the current page.</doc>
<arguments>
<arg>${Username}</arg>
</arguments>
<status status="PASS" starttime="20191204 14:31:29.600" endtime="20191204 14:31:29.607"></status>
</kw>
<kw name="Page Should Contain Element" library="Selenium2Library">
<doc>Verifies that element ``locator`` is found on the current page.</doc>
<arguments>
<arg>${Username}</arg>
</arguments>
<msg timestamp="20191204 14:31:29.614" level="INFO">Current page contains element 'css=input[placeholder='Username']'.</msg>
<status status="PASS" starttime="20191204 14:31:29.607" endtime="20191204 14:31:29.614"></status>
</kw>
<status status="PASS" starttime="20191204 14:31:29.572" endtime="20191204 14:31:29.614"></status>
</kw>
<status status="PASS" starttime="20191204 14:31:16.907" endtime="20191204 14:31:29.614" critical="yes"></status>
</test>
<kw name="Close All Browsers" library="Selenium2Library" type="teardown">
<doc>Closes all open browsers and resets the browser cache.</doc>
<status status="PASS" starttime="20191204 14:31:29.616" endtime="20191204 14:31:31.710"></status>
</kw>
<status status="PASS" starttime="20191204 14:31:16.673" endtime="20191204 14:31:31.710"></status>
</suite>
<statistics>
<total>
<stat pass="1" fail="0">Critical Tests</stat>
<stat pass="1" fail="0">All Tests</stat>
</total>
<tag>
</tag>
<suite>
<stat pass="1" fail="0" id="s1" name="Logout">Logout</stat>
</suite>
</statistics>
<errors>
</errors>
</robot>
